x:\evaluator\export\problem2.1\big_int.cpp(4): error C2653: 'big_int' : is not a class or namespace name [X:\evaluator\export\problem2.1\build.xml]
x:\evaluator\export\problem2.1\big_int.cpp(4): error C4430: missing type specifier - int assumed. Note: C++ does not support default-int [X:\evaluator\export\problem2.1\build.xml]
x:\evaluator\export\problem2.1\big_int.cpp(4): error C3861: 'container': identifier not found [X:\evaluator\export\problem2.1\build.xml]
x:\evaluator\export\problem2.1\big_int.cpp(5): error C2550: 'big_int' : constructor initializer lists are only allowed on constructor definitions [X:\evaluator\export\problem2.1\build.xml]
x:\evaluator\export\problem2.1\big_int.cpp(6): error C2065: 'a' : undeclared identifier [X:\evaluator\export\problem2.1\build.xml]
x:\evaluator\export\problem2.1\big_int.cpp(7): error C3861: 'norm': identifier not found [X:\evaluator\export\problem2.1\build.xml]
x:\evaluator\export\problem2.1\big_int.cpp(10): error C2653: 'big_int' : is not a class or namespace name [X:\evaluator\export\problem2.1\build.xml]
x:\evaluator\export\problem2.1\big_int.cpp(10): error C2065: 'digit_t' : undeclared identifier [X:\evaluator\export\problem2.1\build.xml]
x:\evaluator\export\problem2.1\big_int.cpp(10): error C2146: syntax error : missing ')' before identifier 'b' [X:\evaluator\export\problem2.1\build.xml]
x:\evaluator\export\problem2.1\big_int.cpp(10): error C4430: missing type specifier - int assumed. Note: C++ does not support default-int [X:\evaluator\export\problem2.1\build.xml]
x:\evaluator\export\problem2.1\big_int.cpp(10): error C2365: 'big_int' : redefinition; previous definition was 'function' [X:\evaluator\export\problem2.1\build.xml]
x:\evaluator\export\problem2.1\big_int.cpp(10): error C2550: 'void __cdecl `dynamic initializer for 'big_int''(void)' : constructor initializer lists are only allowed on constructor definitions [X:\evaluator\export\problem2.1\build.xml]
x:\evaluator\export\problem2.1\big_int.cpp(10): error C2059: syntax error : ')' [X:\evaluator\export\problem2.1\build.xml]
x:\evaluator\export\problem2.1\big_int.cpp(11): error C2448: 'negative' : function-style initializer appears to be a function definition [X:\evaluator\export\problem2.1\build.xml]
x:\evaluator\export\problem2.1\big_int.cpp(18): error C2653: 'big_int' : is not a class or namespace name [X:\evaluator\export\problem2.1\build.xml]
x:\evaluator\export\problem2.1\big_int.cpp(18): error C4430: missing type specifier - int assumed. Note: C++ does not support default-int [X:\evaluator\export\problem2.1\build.xml]
x:\evaluator\export\problem2.1\big_int.cpp(18): error C2143: syntax error : missing ',' before '&' [X:\evaluator\export\problem2.1\build.xml]
x:\evaluator\export\problem2.1\big_int.cpp(18): error C4430: missing type specifier - int assumed. Note: C++ does not support default-int [X:\evaluator\export\problem2.1\build.xml]
x:\evaluator\export\problem2.1\big_int.cpp(19): error C2550: 'big_int' : constructor initializer lists are only allowed on constructor definitions [X:\evaluator\export\problem2.1\build.xml]
x:\evaluator\export\problem2.1\big_int.cpp(20): error C2065: 'a' : undeclared identifier [X:\evaluator\export\problem2.1\build.xml]
x:\evaluator\export\problem2.1\big_int.cpp(20): error C2065: 'b' : undeclared identifier [X:\evaluator\export\problem2.1\build.xml]
x:\evaluator\export\problem2.1\big_int.cpp(21): error C2065: 'len' : undeclared identifier [X:\evaluator\export\problem2.1\build.xml]
x:\evaluator\export\problem2.1\big_int.cpp(21): error C2065: 'l' : undeclared identifier [X:\evaluator\export\problem2.1\build.xml]
x:\evaluator\export\problem2.1\big_int.cpp(22): error C3861: 'norm': identifier not found [X:\evaluator\export\problem2.1\build.xml]
x:\evaluator\export\problem2.1\big_int.cpp(25): error C2653: 'big_int' : is not a class or namespace name [X:\evaluator\export\problem2.1\build.xml]
x:\evaluator\export\problem2.1\big_int.cpp(25): error C4430: missing type specifier - int assumed. Note: C++ does not support default-int [X:\evaluator\export\problem2.1\build.xml]
x:\evaluator\export\problem2.1\big_int.cpp(25): error C2143: syntax error : missing ',' before '&' [X:\evaluator\export\problem2.1\build.xml]
x:\evaluator\export\problem2.1\big_int.cpp(26): error C4430: missing type specifier - int assumed. Note: C++ does not support default-int [X:\evaluator\export\problem2.1\build.xml]
x:\evaluator\export\problem2.1\big_int.cpp(26): error C2084: function 'int big_int(const int)' already has a body [X:\evaluator\export\problem2.1\build.xml]
x:\evaluator\export\problem2.1\big_int.cpp(27): error C2065: 'a' : undeclared identifier [X:\evaluator\export\problem2.1\build.xml]
x:\evaluator\export\problem2.1\big_int.cpp(27): error C2065: 'other' : undeclared identifier [X:\evaluator\export\problem2.1\build.xml]
x:\evaluator\export\problem2.1\big_int.cpp(27): error C2228: left of '.a' must have class/struct/union [X:\evaluator\export\problem2.1\build.xml]
x:\evaluator\export\problem2.1\big_int.cpp(28): error C2065: 'len' : undeclared identifier [X:\evaluator\export\problem2.1\build.xml]
x:\evaluator\export\problem2.1\big_int.cpp(28): error C2065: 'other' : undeclared identifier [X:\evaluator\export\problem2.1\build.xml]
x:\evaluator\export\problem2.1\big_int.cpp(28): error C2228: left of '.len' must have class/struct/union [X:\evaluator\export\problem2.1\build.xml]
x:\evaluator\export\problem2.1\big_int.cpp(29): error C2065: 'negative' : undeclared identifier [X:\evaluator\export\problem2.1\build.xml]
x:\evaluator\export\problem2.1\big_int.cpp(29): error C2065: 'other' : undeclared identifier [X:\evaluator\export\problem2.1\build.xml]
x:\evaluator\export\problem2.1\big_int.cpp(29): error C2228: left of '.negative' must have class/struct/union [X:\evaluator\export\problem2.1\build.xml]
x:\evaluator\export\problem2.1\big_int.cpp(32): error C2653: 'big_int' : is not a class or namespace name [X:\evaluator\export\problem2.1\build.xml]
x:\evaluator\export\problem2.1\big_int.cpp(32): error C2065: 'b' : undeclared identifier [X:\evaluator\export\problem2.1\build.xml]
x:\evaluator\export\problem2.1\big_int.cpp(32): error C2563: mismatch in formal parameter list [X:\evaluator\export\problem2.1\build.xml]
x:\evaluator\export\problem2.1\big_int.cpp(33): error C2448: 'swap' : function-style initializer appears to be a function definition [X:\evaluator\export\problem2.1\build.xml]
x:\evaluator\export\problem2.1\big_int.cpp(37): error C2653: 'big_int' : is not a class or namespace name [X:\evaluator\export\problem2.1\build.xml]
x:\evaluator\export\problem2.1\big_int.cpp(37): error C2563: mismatch in formal parameter list [X:\evaluator\export\problem2.1\build.xml]
x:\evaluator\export\problem2.1\big_int.cpp(37): error C2065: 'b' : undeclared identifier [X:\evaluator\export\problem2.1\build.xml]
x:\evaluator\export\problem2.1\big_int.cpp(37): error C2563: mismatch in formal parameter list [X:\evaluator\export\problem2.1\build.xml]
x:\evaluator\export\problem2.1\big_int.cpp(38): error C2448: 'swap' : function-style initializer appears to be a function definition [X:\evaluator\export\problem2.1\build.xml]
x:\evaluator\export\problem2.1\big_int.cpp(44): error C2146: syntax error : missing ';' before identifier 'abs' [X:\evaluator\export\problem2.1\build.xml]
x:\evaluator\export\problem2.1\big_int.cpp(44): error C4430: missing type specifier - int assumed. Note: C++ does not support default-int [X:\evaluator\export\problem2.1\build.xml]
x:\evaluator\export\problem2.1\big_int.cpp(44): error C2365: 'big_int' : redefinition; previous definition was 'function' [X:\evaluator\export\problem2.1\build.xml]
x:\evaluator\export\problem2.1\big_int.cpp(44): error C2146: syntax error : missing ')' before identifier 'a' [X:\evaluator\export\problem2.1\build.xml]
x:\evaluator\export\problem2.1\big_int.cpp(44): error C4430: missing type specifier - int assumed. Note: C++ does not support default-int [X:\evaluator\export\problem2.1\build.xml]
x:\evaluator\export\problem2.1\big_int.cpp(44): error C2440: 'initializing' : cannot convert from 'overloaded-function' to 'int' [X:\evaluator\export\problem2.1\build.xml]
x:\evaluator\export\problem2.1\big_int.cpp(44): error C2059: syntax error : ')' [X:\evaluator\export\problem2.1\build.xml]
x:\evaluator\export\problem2.1\big_int.cpp(45): error C2143: syntax error : missing ';' before '{' [X:\evaluator\export\problem2.1\build.xml]
x:\evaluator\export\problem2.1\big_int.cpp(45): error C2447: '{' : missing function header (old-style formal list?) [X:\evaluator\export\problem2.1\build.xml]
x:\evaluator\export\problem2.1\big_int.cpp(50): error C2653: 'big_int' : is not a class or namespace name [X:\evaluator\export\problem2.1\build.xml]
x:\evaluator\export\problem2.1\big_int.cpp(50): error C4430: missing type specifier - int assumed. Note: C++ does not support default-int [X:\evaluator\export\problem2.1\build.xml]
x:\evaluator\export\problem2.1\big_int.cpp(50): error C2143: syntax error : missing ',' before '&' [X:\evaluator\export\problem2.1\build.xml]
x:\evaluator\export\problem2.1\big_int.cpp(51): error C2270: '==' : modifiers not allowed on nonmember functions [X:\evaluator\export\problem2.1\build.xml]
x:\evaluator\export\problem2.1\big_int.cpp(52): error C2065: 'b' : undeclared identifier [X:\evaluator\export\problem2.1\build.xml]
x:\evaluator\export\problem2.1\big_int.cpp(52): error C2228: left of '.len' must have class/struct/union [X:\evaluator\export\problem2.1\build.xml]
x:\evaluator\export\problem2.1\big_int.cpp(52): error C2065: 'b' : undeclared identifier [X:\evaluator\export\problem2.1\build.xml]
x:\evaluator\export\problem2.1\big_int.cpp(52): error C2228: left of '.negative' must have class/struct/union [X:\evaluator\export\problem2.1\build.xml]
x:\evaluator\export\problem2.1\big_int.cpp(55): error C2065: 'b' : undeclared identifier [X:\evaluator\export\problem2.1\build.xml]
x:\evaluator\export\problem2.1\big_int.cpp(55): error C2228: left of '.a' must have class/struct/union [X:\evaluator\export\problem2.1\build.xml]
x:\evaluator\export\problem2.1\big_int.cpp(60): error C2653: 'big_int' : is not a class or namespace name [X:\evaluator\export\problem2.1\build.xml]
x:\evaluator\export\problem2.1\big_int.cpp(60): error C4430: missing type specifier - int assumed. Note: C++ does not support default-int [X:\evaluator\export\problem2.1\build.xml]
x:\evaluator\export\problem2.1\big_int.cpp(60): error C2143: syntax error : missing ',' before '&' [X:\evaluator\export\problem2.1\build.xml]
x:\evaluator\export\problem2.1\big_int.cpp(61): error C2270: '>' : modifiers not allowed on nonmember functions [X:\evaluator\export\problem2.1\build.xml]
x:\evaluator\export\problem2.1\big_int.cpp(62): error C2065: 'b' : undeclared identifier [X:\evaluator\export\problem2.1\build.xml]
x:\evaluator\export\problem2.1\big_int.cpp(62): error C2228: left of '.negative' must have class/struct/union [X:\evaluator\export\problem2.1\build.xml]
x:\evaluator\export\problem2.1\big_int.cpp(65): error C2355: 'this' : can only be referenced inside non-static member functions [X:\evaluator\export\problem2.1\build.xml]
x:\evaluator\export\problem2.1\big_int.cpp(65): error C2064: term does not evaluate to a function taking 1 arguments [X:\evaluator\export\problem2.1\build.xml]
x:\evaluator\export\problem2.1\big_int.cpp(65): error C2065: 'b' : undeclared identifier [X:\evaluator\export\problem2.1\build.xml]
x:\evaluator\export\problem2.1\big_int.cpp(66): error C2065: 'b' : undeclared identifier [X:\evaluator\export\problem2.1\build.xml]
x:\evaluator\export\problem2.1\big_int.cpp(66): error C2228: left of '.len' must have class/struct/union [X:\evaluator\export\problem2.1\build.xml]
x:\evaluator\export\problem2.1\big_int.cpp(67): error C2065: 'b' : undeclared identifier [X:\evaluator\export\problem2.1\build.xml]
x:\evaluator\export\problem2.1\big_int.cpp(67): error C2228: left of '.len' must have class/struct/union [X:\evaluator\export\problem2.1\build.xml]
x:\evaluator\export\problem2.1\big_int.cpp(69): error C2065: 'b' : undeclared identifier [X:\evaluator\export\problem2.1\build.xml]
x:\evaluator\export\problem2.1\big_int.cpp(69): error C2228: left of '.a' must have class/struct/union [X:\evaluator\export\problem2.1\build.xml]
x:\evaluator\export\problem2.1\big_int.cpp(70): error C2065: 'b' : undeclared identifier [X:\evaluator\export\problem2.1\build.xml]
x:\evaluator\export\problem2.1\big_int.cpp(70): error C2228: left of '.a' must have class/struct/union [X:\evaluator\export\problem2.1\build.xml]
x:\evaluator\export\problem2.1\big_int.cpp(74): error C4430: missing type specifier - int assumed. Note: C++ does not support default-int [X:\evaluator\export\problem2.1\build.xml]
x:\evaluator\export\problem2.1\big_int.cpp(74): error C2143: syntax error : missing ',' before '&' [X:\evaluator\export\problem2.1\build.xml]
x:\evaluator\export\problem2.1\big_int.cpp(75): error C2803: 'operator <' must have at least one formal parameter of class type [X:\evaluator\export\problem2.1\build.xml]
x:\evaluator\export\problem2.1\big_int.cpp(75): error C2805: binary 'operator <' has too few parameters [X:\evaluator\export\problem2.1\build.xml]
x:\evaluator\export\problem2.1\big_int.cpp(76): error C2065: 'b' : undeclared identifier [X:\evaluator\export\problem2.1\build.xml]
x:\evaluator\export\problem2.1\big_int.cpp(79): error C4430: missing type specifier - int assumed. Note: C++ does not support default-int [X:\evaluator\export\problem2.1\build.xml]
x:\evaluator\export\problem2.1\big_int.cpp(79): error C2143: syntax error : missing ',' before '&' [X:\evaluator\export\problem2.1\build.xml]
x:\evaluator\export\problem2.1\big_int.cpp(80): error C2803: 'operator <=' must have at least one formal parameter of class type [X:\evaluator\export\problem2.1\build.xml]
x:\evaluator\export\problem2.1\big_int.cpp(80): error C2805: binary 'operator <=' has too few parameters [X:\evaluator\export\problem2.1\build.xml]
x:\evaluator\export\problem2.1\big_int.cpp(81): error C2065: 'b' : undeclared identifier [X:\evaluator\export\problem2.1\build.xml]
x:\evaluator\export\problem2.1\big_int.cpp(84): error C4430: missing type specifier - int assumed. Note: C++ does not support default-int [X:\evaluator\export\problem2.1\build.xml]
x:\evaluator\export\problem2.1\big_int.cpp(84): error C2143: syntax error : missing ',' before '&' [X:\evaluator\export\problem2.1\build.xml]
x:\evaluator\export\problem2.1\big_int.cpp(85): error C2803: 'operator >=' must have at least one formal parameter of class type [X:\evaluator\export\problem2.1\build.xml]
x:\evaluator\export\problem2.1\big_int.cpp(85): error C2805: binary 'operator >=' has too few parameters [X:\evaluator\export\problem2.1\build.xml]
x:\evaluator\export\problem2.1\big_int.cpp(86): error C2065: 'b' : undeclared identifier [X:\evaluator\export\problem2.1\build.xml]
x:\evaluator\export\problem2.1\big_int.cpp(89): error C4430: missing type specifier - int assumed. Note: C++ does not support default-int [X:\evaluator\export\problem2.1\build.xml]
x:\evaluator\export\problem2.1\big_int.cpp(89): error C2143: syntax error : missing ',' before '&' [X:\evaluator\export\problem2.1\build.xml]
x:\evaluator\export\problem2.1\big_int.cpp(90): error C2803: 'operator !=' must have at least one formal parameter of class type [X:\evaluator\export\problem2.1\build.xml]
x:\evaluator\export\problem2.1\big_int.cpp(90): error C2805: binary 'operator !=' has too few parameters [X:\evaluator\export\problem2.1\build.xml]
x:\evaluator\export\problem2.1\big_int.cpp(91): error C2065: 'b' : undeclared identifier [X:\evaluator\export\problem2.1\build.xml]
x:\evaluator\export\problem2.1\big_int.cpp(94): error C2143: syntax error : missing ';' before '&' [X:\evaluator\export\problem2.1\build.xml]
x:\evaluator\export\problem2.1\big_int.cpp(94): error C4430: missing type specifier - int assumed. Note: C++ does not support default-int [X:\evaluator\export\problem2.1\build.xml]
x:\evaluator\export\problem2.1\big_int.cpp(94): error C2065: 'is' : undeclared identifier [X:\evaluator\export\problem2.1\build.xml]
x:\evaluator\export\problem2.1\big_int.cpp(94): error C2065: 'val' : undeclared identifier [X:\evaluator\export\problem2.1\build.xml]
x:\evaluator\export\problem2.1\big_int.cpp(94): error C2563: mismatch in formal parameter list [X:\evaluator\export\problem2.1\build.xml]
x:\evaluator\export\problem2.1\big_int.cpp(94): error C4430: missing type specifier - int assumed. Note: C++ does not support default-int [X:\evaluator\export\problem2.1\build.xml]
x:\evaluator\export\problem2.1\big_int.cpp(94): fatal error C1903: unable to recover from previous error(s); stopping compilation [X:\evaluator\export\problem2.1\build.xml]

[Generated at May 7, 2011 9:06:58 PM GMT+03:00]

